=== Suite started at 2022-07-22 00:19:36
=== Starting test, 21 test cases
=cases         21
=user          jens
=host          sumatra
=hosts         sumatra 
=emulator_vsn  9.2
=emulator      beam
=otp_release   20
=started       2022-07-22 00:19:36
=case          hty_inte_SUITE:init_per_suite
=logfile       hty_inte_suite.init_per_suite.html
=started       2022-07-22 00:19:36
=ended         2022-07-22 00:19:36
=result        ok
=elapsed       0.054519
=case          hty_inte_SUITE:init_per_group
=logfile       hty_inte_suite.init_per_group.html
=group_props   [{name,accesslog}]
=started       2022-07-22 00:19:36
=ended         2022-07-22 00:19:36
=result        ok
=elapsed       0.032883
=case          hty_inte_SUITE:accesslog_check_request_logged
=logfile       hty_inte_suite.accesslog_check_request_logged.html
=started       2022-07-22 00:19:36
=ended         2022-07-22 00:19:36
=result        ok
=elapsed       0.080132
=case          hty_inte_SUITE:end_per_group
=logfile       hty_inte_suite.end_per_group.html
=group_props   [{name,accesslog}]
=started       2022-07-22 00:19:36
=ended         2022-07-22 00:19:36
=result        ok
=elapsed       1.83e-4
=group_time    0.189s
=case          hty_inte_SUITE:init_per_group
=logfile       hty_inte_suite.init_per_group.2.html
=group_props   [{name,'catch'}]
=started       2022-07-22 00:19:36
=ended         2022-07-22 00:19:36
=result        ok
=elapsed       0.014986
=case          hty_inte_SUITE:catch_forward
=logfile       hty_inte_suite.catch_forward.html
=started       2022-07-22 00:19:36
=ended         2022-07-22 00:19:36
=result        ok
=elapsed       0.019991
=case          hty_inte_SUITE:end_per_group
=logfile       hty_inte_suite.end_per_group.18.html
=group_props   [{name,'catch'}]
=started       2022-07-22 00:19:36
=ended         2022-07-22 00:19:36
=result        ok
=elapsed       1.4e-4
=group_time    0.116s
=case          hty_inte_SUITE:init_per_group
=logfile       hty_inte_suite.init_per_group.34.html
=group_props   [{name,move}]
=started       2022-07-22 00:19:36
=ended         2022-07-22 00:19:36
=result        ok
=elapsed       0.028888
=case          hty_inte_SUITE:move_file
=logfile       hty_inte_suite.move_file.html
=started       2022-07-22 00:19:36
=ended         2022-07-22 00:19:36
=result        ok
=elapsed       0.071269
=case          hty_inte_SUITE:move_folder
=logfile       hty_inte_suite.move_folder.html
=started       2022-07-22 00:19:36
=ended         2022-07-22 00:19:36
=result        ok
=elapsed       0.05986
=case          hty_inte_SUITE:end_per_group
=logfile       hty_inte_suite.end_per_group.50.html
=group_props   [{name,move}]
=started       2022-07-22 00:19:36
=ended         2022-07-22 00:19:36
=result        ok
=elapsed       2.29e-4
=group_time    0.266s
=case          hty_inte_SUITE:init_per_group
=logfile       hty_inte_suite.init_per_group.66.html
=group_props   [{name,history}]
=started       2022-07-22 00:19:37
=ended         2022-07-22 00:19:37
=result        ok
=elapsed       0.01174
=case          hty_inte_SUITE:history_empty
=logfile       hty_inte_suite.history_empty.html
=started       2022-07-22 00:19:37
=ended         2022-07-22 00:19:37
=result        ok
=elapsed       0.005759
=case          hty_inte_SUITE:history_unparsable_body
=logfile       hty_inte_suite.history_unparsable_body.html
=started       2022-07-22 00:19:37
=ended         2022-07-22 00:19:37
=result        ok
=elapsed       0.020804
=case          hty_inte_SUITE:history_post_and_reread
=logfile       hty_inte_suite.history_post_and_reread.html
=started       2022-07-22 00:19:37
=ended         2022-07-22 00:19:37
=result        failed: {{badmatch,{error,no_scheme}},
                        [{hty_inte_SUITE,'-run_test/3-fun-1-',3,
                             [{file,
                                  "/home/jens/projekt/hty/include/hty_test.hrl"},
                              {line,102}]},
                         {lists,foreach,2,[{file,"lists.erl"},{line,1338}]},
                         {test_server,ts_tc,3,
                             [{file,"test_server.erl"},{line,1546}]},
                         {test_server,run_test_case_eval1,6,
                             [{file,"test_server.erl"},{line,1062}]},
                         {test_server,run_test_case_eval,9,
                             [{file,"test_server.erl"},{line,994}]}]}, [{hty_inte_SUITE,
                                                                         '-run_test/3-fun-1-',
                                                                         102},
                                                                        {lists,
                                                                         foreach,
                                                                         1338},
                                                                        {test_server,
                                                                         ts_tc,
                                                                         1546},
                                                                        {test_server,
                                                                         run_test_case_eval1,
                                                                         1062},
                                                                        {test_server,
                                                                         run_test_case_eval,
                                                                         994}]
=== *** FAILED test case 7 of 21 ***
=case          hty_inte_SUITE:history_get_latest
=logfile       hty_inte_suite.history_get_latest.html
=started       2022-07-22 00:19:37
=ended         2022-07-22 00:19:37
=result        failed: {{badmatch,{error,no_scheme}},
                        [{hty_inte_SUITE,'-run_test/3-fun-1-',3,
                             [{file,
                                  "/home/jens/projekt/hty/include/hty_test.hrl"},
                              {line,102}]},
                         {lists,foreach,2,[{file,"lists.erl"},{line,1338}]},
                         {test_server,ts_tc,3,
                             [{file,"test_server.erl"},{line,1546}]},
                         {test_server,run_test_case_eval1,6,
                             [{file,"test_server.erl"},{line,1062}]},
                         {test_server,run_test_case_eval,9,
                             [{file,"test_server.erl"},{line,994}]}]}, [{hty_inte_SUITE,
                                                                         '-run_test/3-fun-1-',
                                                                         102},
                                                                        {lists,
                                                                         foreach,
                                                                         1338},
                                                                        {test_server,
                                                                         ts_tc,
                                                                         1546},
                                                                        {test_server,
                                                                         run_test_case_eval1,
                                                                         1062},
                                                                        {test_server,
                                                                         run_test_case_eval,
                                                                         994}]
=== *** FAILED test case 8 of 21 ***
=case          hty_inte_SUITE:history_get_earlier
=logfile       hty_inte_suite.history_get_earlier.html
=started       2022-07-22 00:19:37
=ended         2022-07-22 00:19:37
=result        failed: {{badmatch,{error,no_scheme}},
                        [{hty_inte_SUITE,'-run_test/3-fun-1-',3,
                             [{file,
                                  "/home/jens/projekt/hty/include/hty_test.hrl"},
                              {line,102}]},
                         {lists,foreach,2,[{file,"lists.erl"},{line,1338}]},
                         {test_server,ts_tc,3,
                             [{file,"test_server.erl"},{line,1546}]},
                         {test_server,run_test_case_eval1,6,
                             [{file,"test_server.erl"},{line,1062}]},
                         {test_server,run_test_case_eval,9,
                             [{file,"test_server.erl"},{line,994}]}]}, [{hty_inte_SUITE,
                                                                         '-run_test/3-fun-1-',
                                                                         102},
                                                                        {lists,
                                                                         foreach,
                                                                         1338},
                                                                        {test_server,
                                                                         ts_tc,
                                                                         1546},
                                                                        {test_server,
                                                                         run_test_case_eval1,
                                                                         1062},
                                                                        {test_server,
                                                                         run_test_case_eval,
                                                                         994}]
=== *** FAILED test case 9 of 21 ***
=case          hty_inte_SUITE:history_expect_conflict
=logfile       hty_inte_suite.history_expect_conflict.html
=started       2022-07-22 00:19:37
=ended         2022-07-22 00:19:37
=result        failed: {{badmatch,{error,no_scheme}},
                        [{hty_inte_SUITE,'-run_test/3-fun-1-',3,
                             [{file,
                                  "/home/jens/projekt/hty/include/hty_test.hrl"},
                              {line,102}]},
                         {lists,foreach,2,[{file,"lists.erl"},{line,1338}]},
                         {test_server,ts_tc,3,
                             [{file,"test_server.erl"},{line,1546}]},
                         {test_server,run_test_case_eval1,6,
                             [{file,"test_server.erl"},{line,1062}]},
                         {test_server,run_test_case_eval,9,
                             [{file,"test_server.erl"},{line,994}]}]}, [{hty_inte_SUITE,
                                                                         '-run_test/3-fun-1-',
                                                                         102},
                                                                        {lists,
                                                                         foreach,
                                                                         1338},
                                                                        {test_server,
                                                                         ts_tc,
                                                                         1546},
                                                                        {test_server,
                                                                         run_test_case_eval1,
                                                                         1062},
                                                                        {test_server,
                                                                         run_test_case_eval,
                                                                         994}]
=== *** FAILED test case 10 of 21 ***
=case          hty_inte_SUITE:end_per_group
=logfile       hty_inte_suite.end_per_group.82.html
=group_props   [{name,history}]
=started       2022-07-22 00:19:37
=ended         2022-07-22 00:19:37
=result        ok
=elapsed       1.8e-4
=group_time    0.398s
=case          hty_inte_SUITE:init_per_group
=logfile       hty_inte_suite.init_per_group.98.html
=group_props   [{name,static}]
=started       2022-07-22 00:19:37
=ended         2022-07-22 00:19:37
=result        ok
=elapsed       0.016224
=case          hty_inte_SUITE:static_get_rootfile
=logfile       hty_inte_suite.static_get_rootfile.html
=started       2022-07-22 00:19:37
=ended         2022-07-22 00:19:37
=result        ok
=elapsed       0.005793
=case          hty_inte_SUITE:static_get_subfile
=logfile       hty_inte_suite.static_get_subfile.html
=started       2022-07-22 00:19:37
=ended         2022-07-22 00:19:37
=result        ok
=elapsed       0.007099
=case          hty_inte_SUITE:static_index_txt_welcome
=logfile       hty_inte_suite.static_index_txt_welcome.html
=started       2022-07-22 00:19:37
=ended         2022-07-22 00:19:37
=result        ok
=elapsed       0.014659
=case          hty_inte_SUITE:static_get_rootindex
=logfile       hty_inte_suite.static_get_rootindex.html
=started       2022-07-22 00:19:37
=ended         2022-07-22 00:19:37
=result        ok
=elapsed       0.006789
=case          hty_inte_SUITE:static_get_subindex
=logfile       hty_inte_suite.static_get_subindex.html
=started       2022-07-22 00:19:37
=ended         2022-07-22 00:19:37
=result        ok
=elapsed       0.007007
=case          hty_inte_SUITE:end_per_group
=logfile       hty_inte_suite.end_per_group.114.html
=group_props   [{name,static}]
=started       2022-07-22 00:19:37
=ended         2022-07-22 00:19:37
=result        ok
=elapsed       1.62e-4
=group_time    0.298s
=case          hty_inte_SUITE:init_per_group
=logfile       hty_inte_suite.init_per_group.130.html
=group_props   [{name,staticlisting}]
=started       2022-07-22 00:19:37
=ended         2022-07-22 00:19:37
=result        ok
=elapsed       0.027005
=case          hty_inte_SUITE:staticlisting_list_root
=logfile       hty_inte_suite.staticlisting_list_root.html
=started       2022-07-22 00:19:37
=ended         2022-07-22 00:19:37
=result        failed: {{badmatch,
                            "<dir><file>rootfile1.html</file><file>index.html</file><file>rootfile.html</file><file>subfolder</file></dir>"},
                        [{hty_inte_SUITE,trim_compare,2,
                             [{file,
                                  "/home/jens/projekt/hty/include/hty_test.hrl"},
                              {line,165}]},
                         {lists,foreach,2,[{file,"lists.erl"},{line,1338}]},
                         {test_server,ts_tc,3,
                             [{file,"test_server.erl"},{line,1546}]},
                         {test_server,run_test_case_eval1,6,
                             [{file,"test_server.erl"},{line,1062}]},
                         {test_server,run_test_case_eval,9,
                             [{file,"test_server.erl"},{line,994}]}]}, [{hty_inte_SUITE,
                                                                         trim_compare,
                                                                         165},
                                                                        {lists,
                                                                         foreach,
                                                                         1338},
                                                                        {test_server,
                                                                         ts_tc,
                                                                         1546},
                                                                        {test_server,
                                                                         run_test_case_eval1,
                                                                         1062},
                                                                        {test_server,
                                                                         run_test_case_eval,
                                                                         994}]
=== *** FAILED test case 16 of 21 ***
=case          hty_inte_SUITE:staticlisting_list_sub
=logfile       hty_inte_suite.staticlisting_list_sub.html
=started       2022-07-22 00:19:37
=ended         2022-07-22 00:19:37
=result        failed: {{badmatch,
                            "<dir><file>subfile1.html</file><file>index.html</file><file>subfile.html</file></dir>"},
                        [{hty_inte_SUITE,trim_compare,2,
                             [{file,
                                  "/home/jens/projekt/hty/include/hty_test.hrl"},
                              {line,165}]},
                         {lists,foreach,2,[{file,"lists.erl"},{line,1338}]},
                         {test_server,ts_tc,3,
                             [{file,"test_server.erl"},{line,1546}]},
                         {test_server,run_test_case_eval1,6,
                             [{file,"test_server.erl"},{line,1062}]},
                         {test_server,run_test_case_eval,9,
                             [{file,"test_server.erl"},{line,994}]}]}, [{hty_inte_SUITE,
                                                                         trim_compare,
                                                                         165},
                                                                        {lists,
                                                                         foreach,
                                                                         1338},
                                                                        {test_server,
                                                                         ts_tc,
                                                                         1546},
                                                                        {test_server,
                                                                         run_test_case_eval1,
                                                                         1062},
                                                                        {test_server,
                                                                         run_test_case_eval,
                                                                         994}]
=== *** FAILED test case 17 of 21 ***
=case          hty_inte_SUITE:staticlisting_prefer_welcomefile
=logfile       hty_inte_suite.staticlisting_prefer_welcomefile.html
=started       2022-07-22 00:19:37
=ended         2022-07-22 00:19:37
=result        ok
=elapsed       0.006343
=case          hty_inte_SUITE:end_per_group
=logfile       hty_inte_suite.end_per_group.146.html
=group_props   [{name,staticlisting}]
=started       2022-07-22 00:19:38
=ended         2022-07-22 00:19:38
=result        ok
=elapsed       1.39e-4
=group_time    0.230s
=case          hty_inte_SUITE:init_per_group
=logfile       hty_inte_suite.init_per_group.162.html
=group_props   [{name,vhosts}]
=started       2022-07-22 00:19:38
=ended         2022-07-22 00:19:38
=result        ok
=elapsed       0.04845
=case          hty_inte_SUITE:vhosts_basic
=logfile       hty_inte_suite.vhosts_basic.html
=started       2022-07-22 00:19:38
=ended         2022-07-22 00:19:38
=result        ok
=elapsed       0.020438
=case          hty_inte_SUITE:vhosts_subdomains
=logfile       hty_inte_suite.vhosts_subdomains.html
=started       2022-07-22 00:19:38
=ended         2022-07-22 00:19:38
=result        ok
=elapsed       0.023393
=case          hty_inte_SUITE:end_per_group
=logfile       hty_inte_suite.end_per_group.178.html
=group_props   [{name,vhosts}]
=started       2022-07-22 00:19:38
=ended         2022-07-22 00:19:38
=result        ok
=elapsed       1.64e-4
=group_time    0.208s
=case          hty_inte_SUITE:init_per_group
=logfile       hty_inte_suite.init_per_group.194.html
=group_props   [{name,xslpi}]
=started       2022-07-22 00:19:38
=ended         2022-07-22 00:19:38
=result        ok
=elapsed       0.014999
=case          hty_inte_SUITE:xslpi_basic
=logfile       hty_inte_suite.xslpi_basic.html
=started       2022-07-22 00:19:38
=ended         2022-07-22 00:19:38
=result        ok
=elapsed       0.019439
=case          hty_inte_SUITE:end_per_group
=logfile       hty_inte_suite.end_per_group.210.html
=group_props   [{name,xslpi}]
=started       2022-07-22 00:19:38
=ended         2022-07-22 00:19:38
=result        ok
=elapsed       1.39e-4
=group_time    0.120s
=case          hty_inte_SUITE:end_per_suite
=logfile       hty_inte_suite.end_per_suite.html
=started       2022-07-22 00:19:38
=ended         2022-07-22 00:19:38
=result        ok
=elapsed       0.005462
=group_time    2.311s
=== TEST COMPLETE, 15 ok, 6 failed of 21 test cases

=finished      2022-07-22 00:19:38
=failed        6
=successful    15
=user_skipped  0
=auto_skipped  0
