<?xml-stylesheet type='text/xsl' href='../resultface.xsl'?><testsuite tests="4" failures="0" errors="4" skipped="0" time="0.019" name="module 'hty_override_resource'">
  <testcase time="0.007" name="hty_override_resource_tests:get_root_test/0_0">
    <error type="error">
::in function hty_tx_factory:new/0
  called as new()
in call from hty_override_resource_tests:htx/1 (src/test/erlang/hty_override_resource_tests.erl, line 9)
in call from hty_override_resource_tests:get_root_test/0 (src/test/erlang/hty_override_resource_tests.erl, line 19)
in call from hty_override_resource_tests:get_root_test/0
**error:undef
    </error>
    <system-out>
    </system-out>
  </testcase>
  <testcase time="0.000" name="hty_override_resource_tests:override_test/0_0">
    <error type="error">
::in function hty_tx_factory:new/0
  called as new()
in call from hty_override_resource_tests:htx/1 (src/test/erlang/hty_override_resource_tests.erl, line 9)
in call from hty_override_resource_tests:override_test/0 (src/test/erlang/hty_override_resource_tests.erl, line 26)
in call from hty_override_resource_tests:override_test/0
**error:undef
    </error>
    <system-out>
    </system-out>
  </testcase>
  <testcase time="0.000" name="hty_override_resource_tests:fail_on_other_filename_test/0_0">
    <error type="error">
::in function hty_tx_factory:new/0
  called as new()
in call from hty_override_resource_tests:htx/1 (src/test/erlang/hty_override_resource_tests.erl, line 9)
in call from hty_override_resource_tests:fail_on_other_filename_test/0 (src/test/erlang/hty_override_resource_tests.erl, line 33)
in call from hty_override_resource_tests:fail_on_other_filename_test/0
**error:undef
    </error>
    <system-out>
    </system-out>
  </testcase>
  <testcase time="0.000" name="hty_override_resource_tests:fail_on_other_filename_deep_test/0_0">
    <error type="error">
::in function hty_tx_factory:new/0
  called as new()
in call from hty_override_resource_tests:htx/1 (src/test/erlang/hty_override_resource_tests.erl, line 9)
in call from hty_override_resource_tests:fail_on_other_filename_deep_test/0 (src/test/erlang/hty_override_resource_tests.erl, line 39)
in call from hty_override_resource_tests:fail_on_other_filename_deep_test/0
**error:undef
    </error>
    <system-out>
    </system-out>
  </testcase>
</testsuite>
